C:\USERS\ROBOTS\DESKTOP\MVCC-PARKING-TRACKER\PARKINGTRACKER\DEBUG\PARKINGTRACKER.EXE
C:\USERS\ROBOTS\DESKTOP\MVCC-PARKING-TRACKER\PARKINGTRACKER\DEBUG\PARKINGTRACKER.ILK
C:\USERS\ROBOTS\DESKTOP\MVCC-PARKING-TRACKER\PARKINGTRACKER\DEBUG\PARKINGTRACKER.PDB
C:\USERS\ROBOTS\DESKTOP\MVCC-PARKING-TRACKER\PARKINGTRACKER\PARKINGTRACKER\DEBUG\CAR.OBJ
C:\Users\Robots\Desktop\MVCC-Parking-Tracker\ParkingTracker\parkingTracker\Debug\cl.command.1.tlog
C:\Users\Robots\Desktop\MVCC-Parking-Tracker\ParkingTracker\parkingTracker\Debug\CL.read.1.tlog
C:\Users\Robots\Desktop\MVCC-Parking-Tracker\ParkingTracker\parkingTracker\Debug\CL.write.1.tlog
C:\Users\Robots\Desktop\MVCC-Parking-Tracker\ParkingTracker\parkingTracker\Debug\Controller Functions.obj
C:\USERS\ROBOTS\DESKTOP\MVCC-PARKING-TRACKER\PARKINGTRACKER\PARKINGTRACKER\DEBUG\CONTROLLER.OBJ
C:\Users\Robots\Desktop\MVCC-Parking-Tracker\ParkingTracker\parkingTracker\Debug\link.2752.read.1.tlog
C:\Users\Robots\Desktop\MVCC-Parking-Tracker\ParkingTracker\parkingTracker\Debug\link.2752.write.1.tlog
C:\Users\Robots\Desktop\MVCC-Parking-Tracker\ParkingTracker\parkingTracker\Debug\link.2752-cvtres.read.1.tlog
C:\Users\Robots\Desktop\MVCC-Parking-Tracker\ParkingTracker\parkingTracker\Debug\link.2752-cvtres.write.1.tlog
C:\Users\Robots\Desktop\MVCC-Parking-Tracker\ParkingTracker\parkingTracker\Debug\link.4252.read.1.tlog
C:\Users\Robots\Desktop\MVCC-Parking-Tracker\ParkingTracker\parkingTracker\Debug\link.4252.write.1.tlog
C:\Users\Robots\Desktop\MVCC-Parking-Tracker\ParkingTracker\parkingTracker\Debug\link.4252-cvtres.read.1.tlog
C:\Users\Robots\Desktop\MVCC-Parking-Tracker\ParkingTracker\parkingTracker\Debug\link.4252-cvtres.write.1.tlog
C:\Users\Robots\Desktop\MVCC-Parking-Tracker\ParkingTracker\parkingTracker\Debug\link.5724.read.1.tlog
C:\Users\Robots\Desktop\MVCC-Parking-Tracker\ParkingTracker\parkingTracker\Debug\link.5724.write.1.tlog
C:\Users\Robots\Desktop\MVCC-Parking-Tracker\ParkingTracker\parkingTracker\Debug\link.5724-cvtres.read.1.tlog
C:\Users\Robots\Desktop\MVCC-Parking-Tracker\ParkingTracker\parkingTracker\Debug\link.5724-cvtres.write.1.tlog
C:\Users\Robots\Desktop\MVCC-Parking-Tracker\ParkingTracker\parkingTracker\Debug\link.6552.read.1.tlog
C:\Users\Robots\Desktop\MVCC-Parking-Tracker\ParkingTracker\parkingTracker\Debug\link.6552.write.1.tlog
C:\Users\Robots\Desktop\MVCC-Parking-Tracker\ParkingTracker\parkingTracker\Debug\link.6552-cvtres.read.1.tlog
C:\Users\Robots\Desktop\MVCC-Parking-Tracker\ParkingTracker\parkingTracker\Debug\link.6552-cvtres.write.1.tlog
C:\Users\Robots\Desktop\MVCC-Parking-Tracker\ParkingTracker\parkingTracker\Debug\link.command.1.tlog
C:\Users\Robots\Desktop\MVCC-Parking-Tracker\ParkingTracker\parkingTracker\Debug\link.read.1.tlog
C:\Users\Robots\Desktop\MVCC-Parking-Tracker\ParkingTracker\parkingTracker\Debug\link.write.1.tlog
C:\Users\Robots\Desktop\MVCC-Parking-Tracker\ParkingTracker\parkingTracker\Debug\link-cvtres.read.1.tlog
C:\Users\Robots\Desktop\MVCC-Parking-Tracker\ParkingTracker\parkingTracker\Debug\link-cvtres.write.1.tlog
C:\USERS\ROBOTS\DESKTOP\MVCC-PARKING-TRACKER\PARKINGTRACKER\PARKINGTRACKER\DEBUG\LOT.OBJ
C:\Users\Robots\Desktop\MVCC-Parking-Tracker\ParkingTracker\parkingTracker\Debug\mt.command.1.tlog
C:\Users\Robots\Desktop\MVCC-Parking-Tracker\ParkingTracker\parkingTracker\Debug\mt.read.1.tlog
C:\Users\Robots\Desktop\MVCC-Parking-Tracker\ParkingTracker\parkingTracker\Debug\mt.write.1.tlog
C:\Users\Robots\Desktop\MVCC-Parking-Tracker\ParkingTracker\parkingTracker\Debug\parkingTracker.exe.embed.manifest
C:\USERS\ROBOTS\DESKTOP\MVCC-PARKING-TRACKER\PARKINGTRACKER\PARKINGTRACKER\DEBUG\PARKINGTRACKER.EXE.EMBED.MANIFEST.RES
C:\USERS\ROBOTS\DESKTOP\MVCC-PARKING-TRACKER\PARKINGTRACKER\PARKINGTRACKER\DEBUG\PARKINGTRACKER.EXE.INTERMEDIATE.MANIFEST
C:\Users\Robots\Desktop\MVCC-Parking-Tracker\ParkingTracker\parkingTracker\Debug\parkingTracker_manifest.rc
C:\USERS\ROBOTS\DESKTOP\MVCC-PARKING-TRACKER\PARKINGTRACKER\PARKINGTRACKER\DEBUG\RANDIMPLEMENT.OBJ
C:\Users\Robots\Desktop\MVCC-Parking-Tracker\ParkingTracker\parkingTracker\Debug\rc.command.1.tlog
C:\Users\Robots\Desktop\MVCC-Parking-Tracker\ParkingTracker\parkingTracker\Debug\rc.read.1.tlog
C:\Users\Robots\Desktop\MVCC-Parking-Tracker\ParkingTracker\parkingTracker\Debug\rc.write.1.tlog
C:\Users\Robots\Desktop\MVCC-Parking-Tracker\ParkingTracker\parkingTracker\Debug\vc100.idb
C:\USERS\ROBOTS\DESKTOP\MVCC-PARKING-TRACKER\PARKINGTRACKER\PARKINGTRACKER\DEBUG\VC100.PDB
C:\USERS\ROBOTS\DOCUMENTS\MVCC-PARKING-TRACKER\PARKINGTRACKER\DEBUG\PARKINGTRACKER.EXE
C:\USERS\ROBOTS\DOCUMENTS\MVCC-PARKING-TRACKER\PARKINGTRACKER\DEBUG\PARKINGTRACKER.ILK
C:\USERS\ROBOTS\DOCUMENTS\MVCC-PARKING-TRACKER\PARKINGTRACKER\DEBUG\PARKINGTRACKER.PDB
C:\USERS\ROBOTS\DOCUMENTS\MVCC-PARKING-TRACKER\PARKINGTRACKER\PARKINGTRACKER\DEBUG\CAR.OBJ
C:\USERS\ROBOTS\DOCUMENTS\MVCC-PARKING-TRACKER\PARKINGTRACKER\PARKINGTRACKER\DEBUG\CONTROLLER FUNCTIONS.OBJ
C:\USERS\ROBOTS\DOCUMENTS\MVCC-PARKING-TRACKER\PARKINGTRACKER\PARKINGTRACKER\DEBUG\CONTROLLER.OBJ
C:\USERS\ROBOTS\DOCUMENTS\MVCC-PARKING-TRACKER\PARKINGTRACKER\PARKINGTRACKER\DEBUG\LOT.OBJ
C:\USERS\ROBOTS\DOCUMENTS\MVCC-PARKING-TRACKER\PARKINGTRACKER\PARKINGTRACKER\DEBUG\PARKINGTRACKER.EXE.EMBED.MANIFEST
C:\USERS\ROBOTS\DOCUMENTS\MVCC-PARKING-TRACKER\PARKINGTRACKER\PARKINGTRACKER\DEBUG\PARKINGTRACKER.EXE.EMBED.MANIFEST.RES
C:\USERS\ROBOTS\DOCUMENTS\MVCC-PARKING-TRACKER\PARKINGTRACKER\PARKINGTRACKER\DEBUG\PARKINGTRACKER.EXE.INTERMEDIATE.MANIFEST
C:\USERS\ROBOTS\DOCUMENTS\MVCC-PARKING-TRACKER\PARKINGTRACKER\PARKINGTRACKER\DEBUG\RANDIMPLEMENT.OBJ
C:\USERS\ROBOTS\DOCUMENTS\MVCC-PARKING-TRACKER\PARKINGTRACKER\PARKINGTRACKER\DEBUG\VC100.PDB
