Build started 4/10/2012 4:35:40 PM.
     1>Project "C:\Users\Robots\Desktop\parking\parkingTracker\parkingTracker.vcxproj" on node 2 (build target(s)).
     1>InitializeBuildStatus:
         Touching "Debug\parkingTracker.unsuccessfulbuild".
       ClCompile:
         C:\Program Files (x86)\Microsoft Visual Studio 10.0\VC\bin\CL.exe /c /ZI /nologo /W3 /WX- /Od /Oy- /D WIN32 /D _DEBUG /D _CONSOLE /D _UNICODE /D UNICODE /Gm /EHsc /RTC1 /MDd /GS /fp:precise /Zc:wchar_t /Zc:forScope /Fo"Debug\\" /Fd"Debug\vc100.pdb" /Gd /TP /analyze- /errorReport:prompt Controller.cpp
         Controller.cpp
     1>c:\users\robots\desktop\parking\parkingtracker\controller.cpp(69): warning C4244: 'return' : conversion from 'double' to 'int', possible loss of data
     1>c:\users\robots\desktop\parking\parkingtracker\controller.cpp(958): warning C4101: 'lot' : unreferenced local variable
     1>c:\users\robots\desktop\parking\parkingtracker\controller.cpp(958): warning C4101: 'time' : unreferenced local variable
     1>c:\users\robots\desktop\parking\parkingtracker\controller.cpp(958): warning C4101: 'status' : unreferenced local variable
     1>c:\users\robots\desktop\parking\parkingtracker\controller.cpp(281): warning C4715: 'unFullEntrance' : not all control paths return a value
     1>c:\users\robots\desktop\parking\parkingtracker\controller.cpp(422): warning C4715: 'ParkingIntent' : not all control paths return a value
     1>c:\users\robots\desktop\parking\parkingtracker\controller.cpp(818): warning C4715: 'FindSpot' : not all control paths return a value
     1>c:\users\robots\desktop\parking\parkingtracker\controller.cpp(903): warning C4715: 'GoHome' : not all control paths return a value
       ManifestResourceCompile:
         All outputs are up-to-date.
       Link:
         C:\Program Files (x86)\Microsoft Visual Studio 10.0\VC\bin\link.exe /ERRORREPORT:PROMPT /OUT:"C:\Users\Robots\Desktop\parking\Debug\parkingTracker.exe" /INCREMENTAL /NOLOGO kernel32.lib user32.lib gdi32.lib winspool.lib comdlg32.lib advapi32.lib shell32.lib ole32.lib oleaut32.lib uuid.lib odbc32.lib odbccp32.lib /MANIFEST /ManifestFile:"Debug\parkingTracker.exe.intermediate.manifest" /MANIFESTUAC:"level='asInvoker' uiAccess='false'" /DEBUG /PDB:"C:\Users\Robots\Desktop\parking\Debug\parkingTracker.pdb" /SUBSYSTEM:CONSOLE /TLBID:1 /DYNAMICBASE /NXCOMPAT /IMPLIB:"C:\Users\Robots\Desktop\parking\Debug\parkingTracker.lib" /MACHINE:X86 Debug\parkingTracker.exe.embed.manifest.res
         Debug\Car.obj
         Debug\Controller.obj
         Debug\Lot.obj
         Debug\RandImplement.obj
       Manifest:
         C:\Program Files (x86)\Microsoft SDKs\Windows\v7.0A\bin\mt.exe /nologo /verbose /out:"Debug\parkingTracker.exe.embed.manifest" /manifest Debug\parkingTracker.exe.intermediate.manifest
         All outputs are up-to-date.
       LinkEmbedManifest:
         All outputs are up-to-date.
         parkingTracker.vcxproj -> C:\Users\Robots\Desktop\parking\Debug\parkingTracker.exe
       FinalizeBuildStatus:
         Deleting file "Debug\parkingTracker.unsuccessfulbuild".
         Touching "Debug\parkingTracker.lastbuildstate".
     1>Done Building Project "C:\Users\Robots\Desktop\parking\parkingTracker\parkingTracker.vcxproj" (build target(s)).

Build succeeded.

Time Elapsed 00:00:06.08
